Content-Type: text/plain; charset="utf-8"
MIME-Version: 1.0
Content-Transfer-Encoding: 7bit
Subject: Hello,We received a request to reset the password for your account
 for this
 email address. To initiate the password reset process for your account,
 click the link
 below.http://127.0.0.1:8000/reset/MQ/atfbbj-dd1a62dc05ec422e1ac02d81e60ce256/This
 link can only be used once. If you need to reset your password again,
 please visit http://127.0.0.1:8000 and request another reset.If you did not
 make this request,
 you can simply ignore this email.Sincerely,The Website Team
From: testing@example.com
To: dmytriibasov@gmail.com
Date: Thu, 23 Sep 2021 10:18:55 -0000
Message-ID: 
 <163239233553.35586.3402265244054142332@dmytrii-hp-pavilion-laptop-14-dv0xxx>


To initiate the password reset process for your Account dmytriibasov@gmail.com,
click the link below:

http://127.0.0.1:8000/reset/MQ/atfbbj-dd1a62dc05ec422e1ac02d81e60ce256/

If clicking the link above doesn`t wor, please copy and paste the URL in a new browser window instead.

Sincerely,
Developers Team

-------------------------------------------------------------------------------
